#
# A fatal error has been detected by the Java Runtime Environment:
#
#  EXCEPTION_ACCESS_VIOLATION (0xc0000005) at pc=0x00000000571ca4f0, pid=12548, tid=0x0000000000001338
#
# JRE version: OpenJDK Runtime Environment (8.0_152-b01) (build 1.8.0_152-release-915-b01)
# Java VM: OpenJDK 64-Bit Server VM (25.152-b01 mixed mode windows-amd64 compressed oops)
# Problematic frame:
# V  [jvm.dll+0x8a4f0]
#
# Failed to write core dump. Minidumps are not enabled by default on client versions of Windows
#
# If you would like to submit a bug report, please visit:
#   http://bugreport.java.com/bugreport/crash.jsp
#

---------------  T H R E A D  ---------------

Current thread (0x000000000239c000):  GCTaskThread [stack: 0x0000000011f90000,0x0000000012090000] [id=4920]

siginfo: ExceptionCode=0xc0000005, reading address 0x00000000000000d0

Registers:
RAX=0x0000000012090000, RBX=0x00000000c02854d8, RCX=0x00000000c02854d8, RDX=0x00000000000000c8
RSP=0x000000001208ee58, RBP=0x000000001208eff0, RSI=0x000000001208f760, RDI=0x000000000246c3f0
R8 =0x000000000000001b, R9 =0x000000000000142a, R10=0x0000000000001b01, R11=0x00000000c0284460
R12=0x000000001208f798, R13=0x000000001208f760, R14=0x0000000000000050, R15=0x000000000239c000
RIP=0x00000000571ca4f0, EFLAGS=0x0000000000010202

Top of Stack: (sp=0x000000001208ee58)
0x000000001208ee58:   0000000057225a47 000000001552b848
0x000000001208ee68:   000000001208eff0 000000001208f760
0x000000001208ee78:   000000000000000d 000000000246c3f0
0x000000001208ee88:   000000005722d523 00000000c02854d8
0x000000001208ee98:   0000000057246d7f 0000000000000000
0x000000001208eea8:   00000000571dec7b 000000001208f7b0
0x000000001208eeb8:   000000005717e63e 00000001000e4238
0x000000001208eec8:   000000001208f760 000000001208f7b0
0x000000001208eed8:   000000001208eff0 00000000148817b0
0x000000001208eee8:   0000000057328a03 000000003427d6e8
0x000000001208eef8:   000000001208f100 000000001208f100
0x000000001208ef08:   000000001a640ac8 00000000000019c1
0x000000001208ef18:   00000000571c8ef4 0000000000000001
0x000000001208ef28:   0000000000000050 000000001208f130
0x000000001208ef38:   000000000239c000 000000001d977ab0
0x000000001208ef48:   000000001a640ac8 000000000239c000 

Instructions: (pc=0x00000000571ca4f0)
0x00000000571ca4d0:   ac 50 1d 00 48 8b 9c 24 c0 00 00 00 48 81 c4 b0
0x00000000571ca4e0:   00 00 00 5d c3 cc cc cc cc cc cc cc cc cc cc cc
0x00000000571ca4f0:   44 8b 42 08 4c 8b ca 45 85 c0 7e 0e 41 f6 c0 01
0x00000000571ca500:   75 57 41 c1 f8 03 41 8b c0 c3 79 4d 80 3d 9e f3 


Register to memory mapping:

RAX=0x0000000012090000 is an unknown value
RBX=0x00000000c02854d8 is pointing into object: 0x00000000c0285490
[Ljava.util.HashMap$Node; 
 - klass: 'java/util/HashMap$Node'[]
 - length: 16
RCX=0x00000000c02854d8 is pointing into object: 0x00000000c0285490
[Ljava.util.HashMap$Node; 
 - klass: 'java/util/HashMap$Node'[]
 - length: 16
RDX=0x00000000000000c8 is an unknown value
RSP=0x000000001208ee58 is an unknown value
RBP=0x000000001208eff0 is an unknown value
RSI=0x000000001208f760 is an unknown value
RDI=0x000000000246c3f0 is an unknown value
R8 =0x000000000000001b is an unknown value
R9 =0x000000000000142a is an unknown value
R10=0x0000000000001b01 is an unknown value
R11=0x00000000c0284460 is an oop
java.lang.Class 
 - klass: 'java/lang/Class'
R12=0x000000001208f798 is an unknown value
R13=0x000000001208f760 is an unknown value
R14=0x0000000000000050 is an unknown value
R15=0x000000000239c000 is an unknown value


Stack: [0x0000000011f90000,0x0000000012090000],  sp=0x000000001208ee58,  free space=1019k
Native frames: (J=compiled Java code, j=interpreted, Vv=VM code, C=native code)
V  [jvm.dll+0x8a4f0]

JavaThread 0x0000000018d32000 (nid = 10576) was being processed
Java frames: (J=compiled Java code, j=interpreted, Vv=VM code)
J 8157  java.lang.Object.wait(J)V (0 bytes) @ 0x0000000003e5237b [0x0000000003e52340+0x3b]
J 8628 C1 org.gradle.internal.resources.DefaultResourceLockCoordinationService.withStateLock(Lorg/gradle/api/Transformer;)Z (229 bytes) @ 0x0000000002a2495c [0x0000000002a240a0+0x8bc]
j  org.gradle.execution.taskgraph.DefaultTaskExecutionPlan.executeWithTask(Lorg/gradle/internal/work/WorkerLeaseRegistry$WorkerLease;Lorg/gradle/api/Action;)Z+33
j  org.gradle.execution.taskgraph.DefaultTaskPlanExecutor$TaskExecutorWorker.run()V+52
j  org.gradle.execution.taskgraph.DefaultTaskPlanExecutor.process(Lorg/gradle/execution/taskgraph/TaskExecutionPlan;Lorg/gradle/api/Action;)V+67
j  org.gradle.execution.taskgraph.DefaultTaskGraphExecuter.execute()V+61
j  org.gradle.execution.SelectedTaskExecutionAction.execute(Lorg/gradle/execution/BuildExecutionContext;)V+55
j  org.gradle.execution.DefaultBuildExecuter.execute(Lorg/gradle/api/internal/GradleInternal;I)V+37
j  org.gradle.execution.DefaultBuildExecuter.access$000(Lorg/gradle/execution/DefaultBuildExecuter;Lorg/gradle/api/internal/GradleInternal;I)V+3
j  org.gradle.execution.DefaultBuildExecuter$1.proceed()V+14
j  org.gradle.execution.DryRunBuildExecutionAction.execute(Lorg/gradle/execution/BuildExecutionContext;)V+121
j  org.gradle.execution.DefaultBuildExecuter.execute(Lorg/gradle/api/internal/GradleInternal;I)V+37
j  org.gradle.execution.DefaultBuildExecuter.execute(Lorg/gradle/api/internal/GradleInternal;)V+3
j  org.gradle.initialization.DefaultGradleLauncher$ExecuteTasks.run(Lorg/gradle/internal/operations/BuildOperationContext;)V+55
J 16313 C2 org.gradle.internal.progress.DefaultBuildOperationExecutor.execute(Lorg/gradle/internal/operations/BuildOperation;Lorg/gradle/internal/operations/BuildOperationWorker;Lorg/gradle/internal/progress/DefaultBuildOperationExecutor$DefaultBuildOperationState;)V (430 bytes) @ 0x000000000453af2c [0x000000000453a320+0xc0c]
J 11949 C1 org.gradle.internal.progress.DefaultBuildOperationExecutor.run(Lorg/gradle/internal/operations/RunnableBuildOperation;)V (38 bytes) @ 0x000000000467c174 [0x000000000467be40+0x334]
j  org.gradle.initialization.DefaultGradleLauncher.runTasks()V+53
j  org.gradle.initialization.DefaultGradleLauncher.doBuildStages(Lorg/gradle/initialization/DefaultGradleLauncher$Stage;)V+37
j  org.gradle.initialization.DefaultGradleLauncher.executeTasks()Lorg/gradle/api/internal/GradleInternal;+4
j  org.gradle.internal.invocation.GradleBuildController$1.call()Lorg/gradle/api/internal/GradleInternal;+7
j  org.gradle.internal.invocation.GradleBuildController$1.call()Ljava/lang/Object;+1
j  org.gradle.internal.work.DefaultWorkerLeaseService.withLocks(Ljava/lang/Iterable;Ljava/util/concurrent/Callable;)Ljava/lang/Object;+15
j  org.gradle.internal.invocation.GradleBuildController.doBuild(Ljava/util/concurrent/Callable;)Lorg/gradle/api/internal/GradleInternal;+52
j  org.gradle.internal.invocation.GradleBuildController.run()Lorg/gradle/api/internal/GradleInternal;+9
j  org.gradle.tooling.internal.provider.runner.ClientProvidedBuildActionRunner.run(Lorg/gradle/internal/invocation/BuildAction;Lorg/gradle/internal/invocation/BuildController;)V+80
j  org.gradle.launcher.exec.ChainingBuildActionRunner.run(Lorg/gradle/internal/invocation/BuildAction;Lorg/gradle/internal/invocation/BuildController;)V+34
j  org.gradle.launcher.exec.ChainingBuildActionRunner.run(Lorg/gradle/internal/invocation/BuildAction;Lorg/gradle/internal/invocation/BuildController;)V+34
j  org.gradle.tooling.internal.provider.ValidatingBuildActionRunner.run(Lorg/gradle/internal/invocation/BuildAction;Lorg/gradle/internal/invocation/BuildController;)V+6
j  org.gradle.launcher.exec.RunAsBuildOperationBuildActionRunner$1.run(Lorg/gradle/internal/operations/BuildOperationContext;)V+15
J 16313 C2 org.gradle.internal.progress.DefaultBuildOperationExecutor.execute(Lorg/gradle/internal/operations/BuildOperation;Lorg/gradle/internal/operations/BuildOperationWorker;Lorg/gradle/internal/progress/DefaultBuildOperationExecutor$DefaultBuildOperationState;)V (430 bytes) @ 0x000000000453af2c [0x000000000453a320+0xc0c]
J 11949 C1 org.gradle.internal.progress.DefaultBuildOperationExecutor.run(Lorg/gradle/internal/operations/RunnableBuildOperation;)V (38 bytes) @ 0x000000000467c174 [0x000000000467be40+0x334]
j  org.gradle.launcher.exec.RunAsBuildOperationBuildActionRunner.run(Lorg/gradle/internal/invocation/BuildAction;Lorg/gradle/internal/invocation/BuildController;)V+34
j  org.gradle.tooling.internal.provider.SubscribableBuildActionRunner.run(Lorg/gradle/internal/invocation/BuildAction;Lorg/gradle/internal/invocation/BuildController;)V+40
j  org.gradle.launcher.exec.InProcessBuildActionExecuter.execute(Lorg/gradle/internal/invocation/BuildAction;Lorg/gradle/initialization/BuildRequestContext;Lorg/gradle/launcher/exec/BuildActionParameters;Lorg/gradle/internal/service/ServiceRegistry;)Ljava/lang/Object;+71
j  org.gradle.launcher.exec.InProcessBuildActionExecuter.execute(Lorg/gradle/internal/invocation/BuildAction;Lorg/gradle/initialization/BuildRequestContext;Ljava/lang/Object;Lorg/gradle/internal/service/ServiceRegistry;)Ljava/lang/Object;+9
j  org.gradle.launcher.exec.BuildTreeScopeBuildActionExecuter.execute(Lorg/gradle/internal/invocation/BuildAction;Lorg/gradle/initialization/BuildRequestContext;Lorg/gradle/launcher/exec/BuildActionParameters;Lorg/gradle/internal/service/ServiceRegistry;)Ljava/lang/Object;+41
j  org.gradle.launcher.exec.BuildTreeScopeBuildActionExecuter.execute(Lorg/gradle/internal/invocation/BuildAction;Lorg/gradle/initialization/BuildRequestContext;Ljava/lang/Object;Lorg/gradle/internal/service/ServiceRegistry;)Ljava/lang/Object;+9
j  org.gradle.tooling.internal.provider.ContinuousBuildActionExecuter.execute(Lorg/gradle/internal/invocation/BuildAction;Lorg/gradle/initialization/BuildRequestContext;Lorg/gradle/launcher/exec/BuildActionParameters;Lorg/gradle/internal/service/ServiceRegistry;)Ljava/lang/Object;+28
j  org.gradle.tooling.internal.provider.ContinuousBuildActionExecuter.execute(Lorg/gradle/internal/invocation/BuildAction;Lorg/gradle/initialization/BuildRequestContext;Ljava/lang/Object;Lorg/gradle/internal/service/ServiceRegistry;)Ljava/lang/Object;+9
j  org.gradle.tooling.internal.provider.ServicesSetupBuildActionExecuter.execute(Lorg/gradle/internal/invocation/BuildAction;Lorg/gradle/initialization/BuildRequestContext;Lorg/gradle/launcher/exec/BuildActionParameters;Lorg/gradle/internal/service/ServiceRegistry;)Ljava/lang/Object;+85
j  org.gradle.tooling.internal.provider.ServicesSetupBuildActionExecuter.execute(Lorg/gradle/internal/invocation/BuildAction;Lorg/gradle/initialization/BuildRequestContext;Ljava/lang/Object;Lorg/gradle/internal/service/ServiceRegistry;)Ljava/lang/Object;+9
j  org.gradle.tooling.internal.provider.GradleThreadBuildActionExecuter.execute(Lorg/gradle/internal/invocation/BuildAction;Lorg/gradle/initialization/BuildRequestContext;Lorg/gradle/launcher/exec/BuildActionParameters;Lorg/gradle/internal/service/ServiceRegistry;)Ljava/lang/Object;+12
j  org.gradle.tooling.internal.provider.GradleThreadBuildActionExecuter.execute(Lorg/gradle/internal/invocation/BuildAction;Lorg/gradle/initialization/BuildRequestContext;Ljava/lang/Object;Lorg/gradle/internal/service/ServiceRegistry;)Ljava/lang/Object;+9
j  org.gradle.tooling.internal.provider.ParallelismConfigurationBuildActionExecuter.execute(Lorg/gradle/internal/invocation/BuildAction;Lorg/gradle/initialization/BuildRequestContext;Lorg/gradle/launcher/exec/BuildActionParameters;Lorg/gradle/internal/service/ServiceRegistry;)Ljava/lang/Object;+43
j  org.gradle.tooling.internal.provider.ParallelismConfigurationBuildActionExecuter.execute(Lorg/gradle/internal/invocation/BuildAction;Lorg/gradle/initialization/BuildRequestContext;Ljava/lang/Object;Lorg/gradle/internal/service/ServiceRegistry;)Ljava/lang/Object;+9
j  org.gradle.tooling.internal.provider.StartParamsValidatingActionExecuter.execute(Lorg/gradle/internal/invocation/BuildAction;Lorg/gradle/initialization/BuildRequestContext;Lorg/gradle/launcher/exec/BuildActionParameters;Lorg/gradle/internal/service/ServiceRegistry;)Ljava/lang/Object;+257
j  org.gradle.tooling.internal.provider.StartParamsValidatingActionExecuter.execute(Lorg/gradle/internal/invocation/BuildAction;Lorg/gradle/initialization/BuildRequestContext;Ljava/lang/Object;Lorg/gradle/internal/service/ServiceRegistry;)Ljava/lang/Object;+9
j  org.gradle.tooling.internal.provider.SessionFailureReportingActionExecuter.execute(Lorg/gradle/internal/invocation/BuildAction;Lorg/gradle/initialization/BuildRequestContext;Lorg/gradle/launcher/exec/BuildActionParameters;Lorg/gradle/internal/service/ServiceRegistry;)Ljava/lang/Object;+9
j  org.gradle.tooling.internal.provider.SessionFailureReportingActionExecuter.execute(Lorg/gradle/internal/invocation/BuildAction;Lorg/gradle/initialization/BuildRequestContext;Ljava/lang/Object;Lorg/gradle/internal/service/ServiceRegistry;)Ljava/lang/Object;+9
j  org.gradle.tooling.internal.provider.SetupLoggingActionExecuter.execute(Lorg/gradle/internal/invocation/BuildAction;Lorg/gradle/initialization/BuildRequestContext;Lorg/gradle/launcher/exec/BuildActionParameters;Lorg/gradle/internal/service/ServiceRegistry;)Ljava/lang/Object;+69
j  org.gradle.tooling.internal.provider.SetupLoggingActionExecuter.execute(Lorg/gradle/internal/invocation/BuildAction;Lorg/gradle/initialization/BuildRequestContext;Ljava/lang/Object;Lorg/gradle/internal/service/ServiceRegistry;)Ljava/lang/Object;+9
j  org.gradle.launcher.daemon.server.exec.ExecuteBuild.doBuild(Lorg/gradle/launcher/daemon/server/api/DaemonCommandExecution;Lorg/gradle/launcher/daemon/protocol/Build;)V+114
j  org.gradle.launcher.daemon.server.exec.BuildCommandOnly.execute(Lorg/gradle/launcher/daemon/server/api/DaemonCommandExecution;)V+49
j  org.gradle.launcher.daemon.server.api.DaemonCommandExecution.proceed()Z+28
j  org.gradle.launcher.daemon.server.exec.WatchForDisconnection.execute(Lorg/gradle/launcher/daemon/server/api/DaemonCommandExecution;)V+19
j  org.gradle.launcher.daemon.server.api.DaemonCommandExecution.proceed()Z+28
j  org.gradle.launcher.daemon.server.exec.ResetDeprecationLogger.execute(Lorg/gradle/launcher/daemon/server/api/DaemonCommandExecution;)V+4
j  org.gradle.launcher.daemon.server.api.DaemonCommandExecution.proceed()Z+28
j  org.gradle.launcher.daemon.server.exec.RequestStopIfSingleUsedDaemon.execute(Lorg/gradle/launcher/daemon/server/api/DaemonCommandExecution;)V+33
j  org.gradle.launcher.daemon.server.api.DaemonCommandExecution.proceed()Z+28
j  org.gradle.launcher.daemon.server.exec.ForwardClientInput$2.call()Ljava/lang/Void;+4
j  org.gradle.launcher.daemon.server.exec.ForwardClientInput$2.call()Ljava/lang/Object;+1
j  org.gradle.util.Swapper.swap(Ljava/lang/Object;Ljava/util/concurrent/Callable;)Ljava/lang/Object;+21
j  org.gradle.launcher.daemon.server.exec.ForwardClientInput.execute(Lorg/gradle/launcher/daemon/server/api/DaemonCommandExecution;)V+63
j  org.gradle.launcher.daemon.server.api.DaemonCommandExecution.proceed()Z+28
j  org.gradle.launcher.daemon.server.exec.LogAndCheckHealth.execute(Lorg/gradle/launcher/daemon/server/api/DaemonCommandExecution;)V+28
j  org.gradle.launcher.daemon.server.api.DaemonCommandExecution.proceed()Z+28
j  org.gradle.launcher.daemon.server.exec.LogToClient.doBuild(Lorg/gradle/launcher/daemon/server/api/DaemonCommandExecution;Lorg/gradle/launcher/daemon/protocol/Build;)V+87
j  org.gradle.launcher.daemon.server.exec.BuildCommandOnly.execute(Lorg/gradle/launcher/daemon/server/api/DaemonCommandExecution;)V+49
j  org.gradle.launcher.daemon.server.api.DaemonCommandExecution.proceed()Z+28
j  org.gradle.launcher.daemon.server.exec.EstablishBuildEnvironment.doBuild(Lorg/gradle/launcher/daemon/server/api/DaemonCommandExecution;Lorg/gradle/launcher/daemon/protocol/Build;)V+365
j  org.gradle.launcher.daemon.server.exec.BuildCommandOnly.execute(Lorg/gradle/launcher/daemon/server/api/DaemonCommandExecution;)V+49
j  org.gradle.launcher.daemon.server.api.DaemonCommandExecution.proceed()Z+28
j  org.gradle.launcher.daemon.server.exec.StartBuildOrRespondWithBusy$1.run()V+44
j  org.gradle.launcher.daemon.server.DaemonStateCoordinator$1.run()V+4
J 14794 C1 org.gradle.internal.concurrent.ManagedExecutorImpl$1.run()V (57 bytes) @ 0x0000000004562b9c [0x0000000004562680+0x51c]
J 19063 C1 java.util.concurrent.ThreadPoolExecutor.runWorker(Ljava/util/concurrent/ThreadPoolExecutor$Worker;)V (225 bytes) @ 0x000000000587b264 [0x000000000587a220+0x1044]
j  java.util.concurrent.ThreadPoolExecutor$Worker.run()V+5
j  org.gradle.internal.concurrent.ThreadFactoryImpl$ManagedThreadRunnable.run()V+7
j  java.lang.Thread.run()V+11
v  ~StubRoutines::call_stub

---------------  P R O C E S S  ---------------

Java Threads: ( => current thread )
  0x0000000018d39000 JavaThread "Task worker for ':' Thread 3" [_thread_blocked, id=8936, stack(0x0000000034e80000,0x0000000034f80000)]
  0x0000000018d3b000 JavaThread "Task worker for ':' Thread 2" [_thread_blocked, id=11240, stack(0x0000000034d80000,0x0000000034e80000)]
  0x0000000018d38000 JavaThread "Task worker for ':'" [_thread_blocked, id=14892, stack(0x0000000034c80000,0x0000000034d80000)]
  0x0000000018d36000 JavaThread "Cache worker for task history cache (C:\Users\Umar Saidu Auna\Documents\Android Studio\FCSITOfiiceLocator\.gradle\4.1\taskHistory)" [_thread_blocked, id=16620, stack(0x0000000034b80000,0x0000000034c80000)]
  0x0000000018d3a800 JavaThread "Cache worker for file content cache (C:\Users\Umar Saidu Auna\Documents\Android Studio\FCSITOfiiceLocator\.gradle\4.1\fileContent)" [_thread_blocked, id=12784, stack(0x0000000034a80000,0x0000000034b80000)]
  0x0000000018d34800 JavaThread "build operations Thread 4" [_thread_blocked, id=16016, stack(0x0000000034980000,0x0000000034a80000)]
  0x0000000018d2d000 JavaThread "build operations Thread 3" [_thread_blocked, id=5408, stack(0x0000000034880000,0x0000000034980000)]
  0x0000000018d33800 JavaThread "build operations Thread 2" [_thread_blocked, id=13184, stack(0x0000000034780000,0x0000000034880000)]
  0x0000000018d33000 JavaThread "build operations" [_thread_blocked, id=16176, stack(0x0000000034680000,0x0000000034780000)]
  0x0000000018d30800 JavaThread "Cache worker for Artifact transforms cache (C:\Users\Umar Saidu Auna\.gradle\caches\transforms-1)" [_thread_blocked, id=15632, stack(0x0000000034580000,0x0000000034680000)]
  0x0000000018d31800 JavaThread "Cache worker for file hash cache (C:\Users\Umar Saidu Auna\Documents\Android Studio\FCSITOfiiceLocator\.gradle\4.1\fileHashes)" [_thread_blocked, id=14496, stack(0x0000000034480000,0x0000000034580000)]
  0x0000000018d2b800 JavaThread "Stdin handler" [_thread_blocked, id=3172, stack(0x0000000034380000,0x0000000034480000)]
  0x0000000018d30000 JavaThread "Asynchronous log dispatcher for DefaultDaemonConnection: socket connection from /127.0.0.1:1239 to /127.0.0.1:10659" [_thread_blocked, id=15668, stack(0x0000000034280000,0x0000000034380000)]
  0x0000000018d32000 JavaThread "Daemon worker Thread 10" [_thread_blocked, id=10576, stack(0x0000000034180000,0x0000000034280000)]
  0x0000000018d2d800 JavaThread "Cancel handler" [_thread_blocked, id=14888, stack(0x0000000034080000,0x0000000034180000)]
  0x0000000018d2f000 JavaThread "Handler for socket connection from /127.0.0.1:1239 to /127.0.0.1:10659" [_thread_in_native, id=18036, stack(0x0000000033f80000,0x0000000034080000)]
  0x0000000018d2c000 JavaThread "Daemon Thread 10" [_thread_blocked, id=7448, stack(0x0000000033e80000,0x0000000033f80000)]
  0x0000000018d2e800 JavaThread "Memory manager" [_thread_blocked, id=2228, stack(0x000000001f3f0000,0x000000001f4f0000)]
  0x000000001d952000 JavaThread "pool-1-thread-1" [_thread_blocked, id=12560, stack(0x000000001f0f0000,0x000000001f1f0000)]
  0x000000001801f000 JavaThread "File lock request listener" [_thread_in_native, id=17496, stack(0x000000001a690000,0x000000001a790000)]
  0x0000000017c6e800 JavaThread "Cache worker for file hash cache (C:\Users\Umar Saidu Auna\.gradle\caches\4.1\fileHashes)" [_thread_blocked, id=12504, stack(0x000000001a390000,0x000000001a490000)]
  0x00000000179cb000 JavaThread "Daemon periodic checks" [_thread_blocked, id=11636, stack(0x0000000019a90000,0x0000000019b90000)]
  0x0000000017be8000 JavaThread "Incoming local TCP Connector on port 1239" [_thread_in_native, id=4596, stack(0x0000000018340000,0x0000000018440000)]
  0x0000000016598800 JavaThread "Service Thread" daemon [_thread_blocked, id=17284, stack(0x0000000016970000,0x0000000016a70000)]
  0x0000000014c2f800 JavaThread "C1 CompilerThread2" daemon [_thread_blocked, id=7940, stack(0x0000000016470000,0x0000000016570000)]
  0x0000000014c2b800 JavaThread "C2 CompilerThread1" daemon [_thread_blocked, id=6616, stack(0x0000000016370000,0x0000000016470000)]
  0x0000000014c28800 JavaThread "C2 CompilerThread0" daemon [_thread_blocked, id=5464, stack(0x0000000016270000,0x0000000016370000)]
  0x0000000014c36800 JavaThread "Attach Listener" daemon [_thread_blocked, id=12476, stack(0x0000000016170000,0x0000000016270000)]
  0x0000000014c35000 JavaThread "Signal Dispatcher" daemon [_thread_blocked, id=8944, stack(0x0000000016070000,0x0000000016170000)]
  0x0000000014c18800 JavaThread "Finalizer" daemon [_thread_blocked, id=5040, stack(0x0000000015e80000,0x0000000015f80000)]
  0x0000000002472000 JavaThread "Reference Handler" daemon [_thread_blocked, id=15848, stack(0x0000000015d80000,0x0000000015e80000)]
  0x000000000255e000 JavaThread "main" [_thread_blocked, id=5796, stack(0x0000000002250000,0x0000000002350000)]

Other Threads:
  0x0000000014bf5000 VMThread [stack: 0x0000000015c80000,0x0000000015d80000] [id=14932]
  0x0000000014c8d000 WatcherThread [stack: 0x0000000016a70000,0x0000000016b70000] [id=9132]

=>0x000000000239c000 (exited) GCTaskThread [stack: 0x0000000011f90000,0x0000000012090000] [id=4920]

VM state:at safepoint (normal execution)

VM Mutex/Monitor currently owned by a thread:  ([mutex/lock_event])
[0x000000000255d940] Threads_lock - owner thread: 0x0000000014bf5000
[0x000000000255da40] Heap_lock - owner thread: 0x0000000018d39000

Heap:
 PSYoungGen      total 311808K, used 37376K [0x00000000eab00000, 0x0000000100000000, 0x0000000100000000)
  eden space 274432K, 0% used [0x00000000eab00000,0x00000000eab00000,0x00000000fb700000)
  from space 37376K, 100% used [0x00000000fb700000,0x00000000fdb80000,0x00000000fdb80000)
  to   space 37376K, 0% used [0x00000000fdb80000,0x00000000fdb80000,0x0000000100000000)
 ParOldGen       total 310272K, used 293135K [0x00000000c0000000, 0x00000000d2f00000, 0x00000000eab00000)
  object space 310272K, 94% used [0x00000000c0000000,0x00000000d1e43cf0,0x00000000d2f00000)
 Metaspace       used 81655K, capacity 87348K, committed 87512K, reserved 1124352K
  class space    used 10391K, capacity 11674K, committed 11776K, reserved 1048576K

Card table byte_map: [0x0000000011920000,0x0000000011b30000] byte_map_base: 0x0000000011320000

Marking Bits: (ParMarkBitMap*) 0x0000000057903950
 Begin Bits: [0x0000000012090000, 0x0000000013090000)
 End Bits:   [0x0000000013090000, 0x0000000014090000)

Polling page: 0x0000000000b10000

CodeCache: size=245760Kb used=61984Kb max_used=62003Kb free=183775Kb
 bounds [0x0000000002560000, 0x0000000006250000, 0x0000000011560000]
 total_blobs=18126 nmethods=17275 adapters=762
 compilation: enabled

Compilation events (10 events):
Event: 5310.012 Thread 0x0000000014c2f800 22991       2       proguard.classfile.attribute.annotation.ArrayElementValue::elementValuesAccept (32 bytes)
Event: 5310.013 Thread 0x0000000014c2f800 nmethod 22991 0x0000000006228c10 code [0x0000000006228d80, 0x0000000006228fc8]
Event: 5310.169 Thread 0x0000000014c28800 nmethod 22935 0x000000000623ce90 code [0x000000000623d580, 0x0000000006242bc8]
Event: 5310.169 Thread 0x0000000014c28800 22997 %     4       proguard.classfile.ProgramClass::methodsAccept @ 2 (28 bytes)
Event: 5310.173 Thread 0x0000000014c28800 nmethod 22997% 0x0000000006228750 code [0x00000000062288a0, 0x0000000006228a98]
Event: 5310.173 Thread 0x0000000014c28800 22996       4       proguard.classfile.attribute.InnerClassesAttribute::accept (9 bytes)
Event: 5310.174 Thread 0x0000000014c28800 nmethod 22996 0x000000000620cd50 code [0x000000000620cea0, 0x000000000620cf68]
Event: 5310.174 Thread 0x0000000014c28800 22987       4       proguard.classfile.util.DescriptorClassEnumeration::classCount (40 bytes)
Event: 5310.204 Thread 0x0000000014c28800 nmethod 22987 0x000000000622f650 code [0x000000000622f940, 0x0000000006230338]
Event: 5310.204 Thread 0x0000000014c28800 22994       4       proguard.classfile.ProgramClass::hierarchyAccept (168 bytes)

GC Heap History (10 events):
Event: 4549.564 GC heap after
Heap after GC invocations=57 (full 4):
 PSYoungGen      total 310272K, used 7615K [0x00000000eab00000, 0x00000000fff00000, 0x0000000100000000)
  eden space 278016K, 0% used [0x00000000eab00000,0x00000000eab00000,0x00000000fba80000)
  from space 32256K, 23% used [0x00000000fba80000,0x00000000fc1efef0,0x00000000fda00000)
  to   space 30208K, 0% used [0x00000000fe180000,0x00000000fe180000,0x00000000fff00000)
 ParOldGen       total 310272K, used 224094K [0x00000000c0000000, 0x00000000d2f00000, 0x00000000eab00000)
  object space 310272K, 72% used [0x00000000c0000000,0x00000000cdad7a78,0x00000000d2f00000)
 Metaspace       used 80121K, capacity 85456K, committed 85592K, reserved 1124352K
  class space    used 10184K, capacity 11364K, committed 11392K, reserved 1048576K
}
Event: 4732.682 GC heap before
{Heap before GC invocations=58 (full 4):
 PSYoungGen      total 310272K, used 285631K [0x00000000eab00000, 0x00000000fff00000, 0x0000000100000000)
  eden space 278016K, 100% used [0x00000000eab00000,0x00000000fba80000,0x00000000fba80000)
  from space 32256K, 23% used [0x00000000fba80000,0x00000000fc1efef0,0x00000000fda00000)
  to   space 30208K, 0% used [0x00000000fe180000,0x00000000fe180000,0x00000000fff00000)
 ParOldGen       total 310272K, used 224094K [0x00000000c0000000, 0x00000000d2f00000, 0x00000000eab00000)
  object space 310272K, 72% used [0x00000000c0000000,0x00000000cdad7a78,0x00000000d2f00000)
 Metaspace       used 80316K, capacity 85808K, committed 85976K, reserved 1124352K
  class space    used 10210K, capacity 11432K, committed 11520K, reserved 1048576K
Event: 4732.754 GC heap after
Heap after GC invocations=58 (full 4):
 PSYoungGen      total 311808K, used 6944K [0x00000000eab00000, 0x00000000ffa00000, 0x0000000100000000)
  eden space 286720K, 0% used [0x00000000eab00000,0x00000000eab00000,0x00000000fc300000)
  from space 25088K, 27% used [0x00000000fe180000,0x00000000fe848020,0x00000000ffa00000)
  to   space 28160K, 0% used [0x00000000fc300000,0x00000000fc300000,0x00000000fde80000)
 ParOldGen       total 310272K, used 226981K [0x00000000c0000000, 0x00000000d2f00000, 0x00000000eab00000)
  object space 310272K, 73% used [0x00000000c0000000,0x00000000cdda97e8,0x00000000d2f00000)
 Metaspace       used 80316K, capacity 85808K, committed 85976K, reserved 1124352K
  class space    used 10210K, capacity 11432K, committed 11520K, reserved 1048576K
}
Event: 5255.579 GC heap before
{Heap before GC invocations=59 (full 4):
 PSYoungGen      total 311808K, used 293664K [0x00000000eab00000, 0x00000000ffa00000, 0x0000000100000000)
  eden space 286720K, 100% used [0x00000000eab00000,0x00000000fc300000,0x00000000fc300000)
  from space 25088K, 27% used [0x00000000fe180000,0x00000000fe848020,0x00000000ffa00000)
  to   space 28160K, 0% used [0x00000000fc300000,0x00000000fc300000,0x00000000fde80000)
 ParOldGen       total 310272K, used 226981K [0x00000000c0000000, 0x00000000d2f00000, 0x00000000eab00000)
  object space 310272K, 73% used [0x00000000c0000000,0x00000000cdda97e8,0x00000000d2f00000)
 Metaspace       used 80525K, capacity 86208K, committed 86232K, reserved 1124352K
  class space    used 10241K, capacity 11508K, committed 11520K, reserved 1048576K
Event: 5255.597 GC heap after
Heap after GC invocations=59 (full 4):
 PSYoungGen      total 314880K, used 4106K [0x00000000eab00000, 0x0000000100000000, 0x0000000100000000)
  eden space 286720K, 0% used [0x00000000eab00000,0x00000000eab00000,0x00000000fc300000)
  from space 28160K, 14% used [0x00000000fc300000,0x00000000fc702bf8,0x00000000fde80000)
  to   space 26624K, 0% used [0x00000000fe600000,0x00000000fe600000,0x0000000100000000)
 ParOldGen       total 310272K, used 227544K [0x00000000c0000000, 0x00000000d2f00000, 0x00000000eab00000)
  object space 310272K, 73% used [0x00000000c0000000,0x00000000cde362b8,0x00000000d2f00000)
 Metaspace       used 80525K, capacity 86208K, committed 86232K, reserved 1124352K
  class space    used 10241K, capacity 11508K, committed 11520K, reserved 1048576K
}
Event: 5306.101 GC heap before
{Heap before GC invocations=60 (full 4):
 PSYoungGen      total 314880K, used 290826K [0x00000000eab00000, 0x0000000100000000, 0x0000000100000000)
  eden space 286720K, 100% used [0x00000000eab00000,0x00000000fc300000,0x00000000fc300000)
  from space 28160K, 14% used [0x00000000fc300000,0x00000000fc702bf8,0x00000000fde80000)
  to   space 26624K, 0% used [0x00000000fe600000,0x00000000fe600000,0x0000000100000000)
 ParOldGen       total 310272K, used 227544K [0x00000000c0000000, 0x00000000d2f00000, 0x00000000eab00000)
  object space 310272K, 73% used [0x00000000c0000000,0x00000000cde362b8,0x00000000d2f00000)
 Metaspace       used 81418K, capacity 87124K, committed 87384K, reserved 1124352K
  class space    used 10360K, capacity 11642K, committed 11648K, reserved 1048576K
Event: 5306.197 GC heap after
Heap after GC invocations=60 (full 4):
 PSYoungGen      total 301056K, used 26619K [0x00000000eab00000, 0x0000000100000000, 0x0000000100000000)
  eden space 274432K, 0% used [0x00000000eab00000,0x00000000eab00000,0x00000000fb700000)
  from space 26624K, 99% used [0x00000000fe600000,0x00000000ffffefe0,0x0000000100000000)
  to   space 37376K, 0% used [0x00000000fb700000,0x00000000fb700000,0x00000000fdb80000)
 ParOldGen       total 310272K, used 242172K [0x00000000c0000000, 0x00000000d2f00000, 0x00000000eab00000)
  object space 310272K, 78% used [0x00000000c0000000,0x00000000cec7f140,0x00000000d2f00000)
 Metaspace       used 81418K, capacity 87124K, committed 87384K, reserved 1124352K
  class space    used 10360K, capacity 11642K, committed 11648K, reserved 1048576K
}
Event: 5310.233 GC heap before
{Heap before GC invocations=61 (full 4):
 PSYoungGen      total 301056K, used 301051K [0x00000000eab00000, 0x0000000100000000, 0x0000000100000000)
  eden space 274432K, 100% used [0x00000000eab00000,0x00000000fb700000,0x00000000fb700000)
  from space 26624K, 99% used [0x00000000fe600000,0x00000000ffffefe0,0x0000000100000000)
  to   space 37376K, 0% used [0x00000000fb700000,0x00000000fb700000,0x00000000fdb80000)
 ParOldGen       total 310272K, used 242172K [0x00000000c0000000, 0x00000000d2f00000, 0x00000000eab00000)
  object space 310272K, 78% used [0x00000000c0000000,0x00000000cec7f140,0x00000000d2f00000)
 Metaspace       used 81655K, capacity 87348K, committed 87512K, reserved 1124352K
  class space    used 10391K, capacity 11674K, committed 11776K, reserved 1048576K
Event: 5310.409 GC heap after
Heap after GC invocations=61 (full 4):
 PSYoungGen      total 311808K, used 37376K [0x00000000eab00000, 0x0000000100000000, 0x0000000100000000)
  eden space 274432K, 0% used [0x00000000eab00000,0x00000000eab00000,0x00000000fb700000)
  from space 37376K, 100% used [0x00000000fb700000,0x00000000fdb80000,0x00000000fdb80000)
  to   space 37376K, 0% used [0x00000000fdb80000,0x00000000fdb80000,0x0000000100000000)
 ParOldGen       total 310272K, used 293135K [0x00000000c0000000, 0x00000000d2f00000, 0x00000000eab00000)
  object space 310272K, 94% used [0x00000000c0000000,0x00000000d1e43cf0,0x00000000d2f00000)
 Metaspace       used 81655K, capacity 87348K, committed 87512K, reserved 1124352K
  class space    used 10391K, capacity 11674K, committed 11776K, reserved 1048576K
}
Event: 5310.409 GC heap before
{Heap before GC invocations=62 (full 5):
 PSYoungGen      total 311808K, used 37376K [0x00000000eab00000, 0x0000000100000000, 0x0000000100000000)
  eden space 274432K, 0% used [0x00000000eab00000,0x00000000eab00000,0x00000000fb700000)
  from space 37376K, 100% used [0x00000000fb700000,0x00000000fdb80000,0x00000000fdb80000)
  to   space 37376K, 0% used [0x00000000fdb80000,0x00000000fdb80000,0x0000000100000000)
 ParOldGen       total 310272K, used 293135K [0x00000000c0000000, 0x00000000d2f00000, 0x00000000eab00000)
  object space 310272K, 94% used [0x00000000c0000000,0x00000000d1e43cf0,0x00000000d2f00000)
 Metaspace       used 81655K, capacity 87348K, committed 87512K, reserved 1124352K
  class space    used 10391K, capacity 11674K, committed 11776K, reserved 1048576K

Deoptimization events (10 events):
Event: 5309.531 Thread 0x0000000018d39000 Uncommon trap: reason=class_check action=maybe_recompile pc=0x00000000061898f0 method=proguard.classfile.util.SimplifiedVisitor.visitProgramMethod(Lproguard/classfile/ProgramClass;Lproguard/classfile/ProgramMethod;)V @ 3
Event: 5309.531 Thread 0x0000000018d39000 Uncommon trap: reason=class_check action=maybe_recompile pc=0x00000000061898f0 method=proguard.classfile.util.SimplifiedVisitor.visitProgramMethod(Lproguard/classfile/ProgramClass;Lproguard/classfile/ProgramMethod;)V @ 3
Event: 5309.531 Thread 0x0000000018d39000 Uncommon trap: reason=class_check action=maybe_recompile pc=0x00000000061898f0 method=proguard.classfile.util.SimplifiedVisitor.visitProgramMethod(Lproguard/classfile/ProgramClass;Lproguard/classfile/ProgramMethod;)V @ 3
Event: 5309.548 Thread 0x0000000018d39000 Uncommon trap: reason=bimorphic action=maybe_recompile pc=0x000000000618c040 method=proguard.classfile.attribute.SignatureAttribute.accept(Lproguard/classfile/Clazz;Lproguard/classfile/Method;Lproguard/classfile/attribute/visitor/AttributeVisitor;)V @ 4
Event: 5309.549 Thread 0x0000000018d39000 Uncommon trap: reason=bimorphic action=maybe_recompile pc=0x000000000618c040 method=proguard.classfile.attribute.SignatureAttribute.accept(Lproguard/classfile/Clazz;Lproguard/classfile/Method;Lproguard/classfile/attribute/visitor/AttributeVisitor;)V @ 4
Event: 5309.549 Thread 0x0000000018d39000 Uncommon trap: reason=bimorphic action=maybe_recompile pc=0x000000000618c040 method=proguard.classfile.attribute.SignatureAttribute.accept(Lproguard/classfile/Clazz;Lproguard/classfile/Method;Lproguard/classfile/attribute/visitor/AttributeVisitor;)V @ 4
Event: 5309.552 Thread 0x0000000018d39000 Uncommon trap: reason=bimorphic action=maybe_recompile pc=0x000000000618d930 method=proguard.classfile.attribute.ExceptionsAttribute.accept(Lproguard/classfile/Clazz;Lproguard/classfile/Method;Lproguard/classfile/attribute/visitor/AttributeVisitor;)V @ 4
Event: 5309.554 Thread 0x0000000018d39000 Uncommon trap: reason=bimorphic action=maybe_recompile pc=0x000000000618d930 method=proguard.classfile.attribute.ExceptionsAttribute.accept(Lproguard/classfile/Clazz;Lproguard/classfile/Method;Lproguard/classfile/attribute/visitor/AttributeVisitor;)V @ 4
Event: 5309.554 Thread 0x0000000018d39000 Uncommon trap: reason=bimorphic action=maybe_recompile pc=0x000000000618d930 method=proguard.classfile.attribute.ExceptionsAttribute.accept(Lproguard/classfile/Clazz;Lproguard/classfile/Method;Lproguard/classfile/attribute/visitor/AttributeVisitor;)V @ 4
Event: 5309.664 Thread 0x0000000018d39000 Uncommon trap: reason=bimorphic action=maybe_recompile pc=0x000000000618d930 method=proguard.classfile.attribute.ExceptionsAttribute.accept(Lproguard/classfile/Clazz;Lproguard/classfile/Method;Lproguard/classfile/attribute/visitor/AttributeVisitor;)V @ 4

Classes redefined (0 events):
No events

Internal exceptions (10 events):
Event: 5256.051 Thread 0x0000000018d32000 Exception <a 'sun/nio/fs/WindowsException'> (0x00000000eb8c4b48) thrown at [D:\src\AOSP-openjdk-cygwin\jdk8u\hotspot\src\share\vm\prims\jni.cpp, line 709]
Event: 5256.051 Thread 0x0000000018d32000 Exception <a 'sun/nio/fs/WindowsException'> (0x00000000eb8c54b8) thrown at [D:\src\AOSP-openjdk-cygwin\jdk8u\hotspot\src\share\vm\prims\jni.cpp, line 709]
Event: 5256.051 Thread 0x0000000018d32000 Exception <a 'sun/nio/fs/WindowsException'> (0x00000000eb8c8080) thrown at [D:\src\AOSP-openjdk-cygwin\jdk8u\hotspot\src\share\vm\prims\jni.cpp, line 709]
Event: 5256.051 Thread 0x0000000018d32000 Exception <a 'sun/nio/fs/WindowsException'> (0x00000000eb8c89f0) thrown at [D:\src\AOSP-openjdk-cygwin\jdk8u\hotspot\src\share\vm\prims\jni.cpp, line 709]
Event: 5256.052 Thread 0x0000000018d32000 Exception <a 'sun/nio/fs/WindowsException'> (0x00000000eb8ca570) thrown at [D:\src\AOSP-openjdk-cygwin\jdk8u\hotspot\src\share\vm\prims\jni.cpp, line 709]
Event: 5256.052 Thread 0x0000000018d32000 Exception <a 'sun/nio/fs/WindowsException'> (0x00000000eb8caef0) thrown at [D:\src\AOSP-openjdk-cygwin\jdk8u\hotspot\src\share\vm\prims\jni.cpp, line 709]
Event: 5256.052 Thread 0x0000000018d32000 Exception <a 'sun/nio/fs/WindowsException'> (0x00000000eb8ccff8) thrown at [D:\src\AOSP-openjdk-cygwin\jdk8u\hotspot\src\share\vm\prims\jni.cpp, line 709]
Event: 5256.052 Thread 0x0000000018d32000 Exception <a 'sun/nio/fs/WindowsException'> (0x00000000eb8cd8e8) thrown at [D:\src\AOSP-openjdk-cygwin\jdk8u\hotspot\src\share\vm\prims\jni.cpp, line 709]
Event: 5256.052 Thread 0x0000000018d32000 Exception <a 'sun/nio/fs/WindowsException'> (0x00000000eb8cf328) thrown at [D:\src\AOSP-openjdk-cygwin\jdk8u\hotspot\src\share\vm\prims\jni.cpp, line 709]
Event: 5256.052 Thread 0x0000000018d32000 Exception <a 'sun/nio/fs/WindowsException'> (0x00000000eb8cfc28) thrown at [D:\src\AOSP-openjdk-cygwin\jdk8u\hotspot\src\share\vm\prims\jni.cpp, line 709]

Events (10 events):
Event: 5309.554 Thread 0x0000000018d39000 Uncommon trap: trap_request=0xffffffc6 fr.pc=0x000000000618d930
Event: 5309.554 Thread 0x0000000018d39000 DEOPT PACKING pc=0x000000000618d930 sp=0x0000000034f7d720
Event: 5309.554 Thread 0x0000000018d39000 DEOPT UNPACKING pc=0x00000000025a556a sp=0x0000000034f7d6b0 mode 2
Event: 5309.554 Thread 0x0000000018d39000 Uncommon trap: trap_request=0xffffffc6 fr.pc=0x000000000618d930
Event: 5309.554 Thread 0x0000000018d39000 DEOPT PACKING pc=0x000000000618d930 sp=0x0000000034f7d720
Event: 5309.554 Thread 0x0000000018d39000 DEOPT UNPACKING pc=0x00000000025a556a sp=0x0000000034f7d6b0 mode 2
Event: 5309.664 Thread 0x0000000018d39000 Uncommon trap: trap_request=0xffffffc6 fr.pc=0x000000000618d930
Event: 5309.664 Thread 0x0000000018d39000 DEOPT PACKING pc=0x000000000618d930 sp=0x0000000034f7d7b0
Event: 5309.664 Thread 0x0000000018d39000 DEOPT UNPACKING pc=0x00000000025a556a sp=0x0000000034f7d740 mode 2
Event: 5310.233 Executing VM operation: ParallelGCFailedAllocation


Dynamic libraries:
0x00007ff793b50000 - 0x00007ff793b81000 	C:\Program Files\Android\Android Studio\jre\bin\java.exe
0x00007ffa12320000 - 0x00007ffa124f1000 	C:\WINDOWS\SYSTEM32\ntdll.dll
0x00007ffa11e60000 - 0x00007ffa11f0b000 	C:\WINDOWS\System32\KERNEL32.DLL
0x00007ffa0e810000 - 0x00007ffa0ea2d000 	C:\WINDOWS\System32\KERNELBASE.dll
0x00007ffa12070000 - 0x00007ffa12112000 	C:\WINDOWS\System32\ADVAPI32.dll
0x00007ffa10e20000 - 0x00007ffa10ebe000 	C:\WINDOWS\System32\msvcrt.dll
0x00007ffa12120000 - 0x00007ffa12179000 	C:\WINDOWS\System32\sechost.dll
0x00007ffa11b90000 - 0x00007ffa11cb1000 	C:\WINDOWS\System32\RPCRT4.dll
0x00007ffa11000000 - 0x00007ffa11165000 	C:\WINDOWS\System32\USER32.dll
0x00007ffa0f5e0000 - 0x00007ffa0f5fe000 	C:\WINDOWS\System32\win32u.dll
0x00007ffa10fb0000 - 0x00007ffa10fe4000 	C:\WINDOWS\System32\GDI32.dll
0x00007ffa0f1c0000 - 0x00007ffa0f342000 	C:\WINDOWS\System32\gdi32full.dll
0x00007ffa04eb0000 - 0x00007ffa05129000 	C:\WINDOWS\WinSxS\amd64_microsoft.windows.common-controls_6595b64144ccf1df_6.0.14393.0_none_2d0f50fcbdb171b8\COMCTL32.dll
0x00007ffa11850000 - 0x00007ffa11b17000 	C:\WINDOWS\System32\combase.dll
0x00007ffa0f7b0000 - 0x00007ffa0f8a5000 	C:\WINDOWS\System32\ucrtbase.dll
0x00007ffa0f520000 - 0x00007ffa0f58a000 	C:\WINDOWS\System32\bcryptPrimitives.dll
0x00007ffa10f60000 - 0x00007ffa10f8e000 	C:\WINDOWS\System32\IMM32.DLL
0x0000000057060000 - 0x0000000057132000 	C:\Program Files\Android\Android Studio\jre\jre\bin\msvcr100.dll
0x0000000057140000 - 0x000000005797e000 	C:\Program Files\Android\Android Studio\jre\jre\bin\server\jvm.dll
0x00007ffa10fa0000 - 0x00007ffa10fa8000 	C:\WINDOWS\System32\PSAPI.DLL
0x00007ffa01120000 - 0x00007ffa0112a000 	C:\WINDOWS\SYSTEM32\VERSION.dll
0x00007ffa0c6a0000 - 0x00007ffa0c6c3000 	C:\WINDOWS\SYSTEM32\WINMM.dll
0x00007ffa01490000 - 0x00007ffa01499000 	C:\WINDOWS\SYSTEM32\WSOCK32.dll
0x00007ffa11b20000 - 0x00007ffa11b8a000 	C:\WINDOWS\System32\WS2_32.dll
0x0000000000aa0000 - 0x0000000000acb000 	C:\WINDOWS\SYSTEM32\WINMMBASE.dll
0x00007ffa0f590000 - 0x00007ffa0f5d2000 	C:\WINDOWS\System32\cfgmgr32.dll
0x00007ffa0cd20000 - 0x00007ffa0cd2f000 	C:\Program Files\Android\Android Studio\jre\jre\bin\verify.dll
0x00007ffa0ccf0000 - 0x00007ffa0cd19000 	C:\Program Files\Android\Android Studio\jre\jre\bin\java.dll
0x00007ffa0ccd0000 - 0x00007ffa0cce6000 	C:\Program Files\Android\Android Studio\jre\jre\bin\zip.dll
0x00007ffa0f910000 - 0x00007ffa10e18000 	C:\WINDOWS\System32\SHELL32.dll
0x00007ffa0eae0000 - 0x00007ffa0f1ba000 	C:\WINDOWS\System32\windows.storage.dll
0x00007ffa0e7a0000 - 0x00007ffa0e7ec000 	C:\WINDOWS\System32\powrprof.dll
0x00007ffa0f8b0000 - 0x00007ffa0f902000 	C:\WINDOWS\System32\shlwapi.dll
0x00007ffa0e790000 - 0x00007ffa0e79f000 	C:\WINDOWS\System32\kernel.appcore.dll
0x00007ffa0f660000 - 0x00007ffa0f709000 	C:\WINDOWS\System32\shcore.dll
0x00007ffa0e7f0000 - 0x00007ffa0e804000 	C:\WINDOWS\System32\profapi.dll
0x00007ffa0ccb0000 - 0x00007ffa0ccca000 	C:\Program Files\Android\Android Studio\jre\jre\bin\net.dll
0x00007ffa0de70000 - 0x00007ffa0decc000 	C:\WINDOWS\system32\mswsock.dll
0x00007ffa0ca40000 - 0x00007ffa0ca51000 	C:\Program Files\Android\Android Studio\jre\jre\bin\nio.dll
0x00007ffa07970000 - 0x00007ffa0798e000 	C:\Users\Umar Saidu Auna\.gradle\native\25\windows-amd64\native-platform.dll
0x00007ffa0cb10000 - 0x00007ffa0cb1d000 	C:\Program Files\Android\Android Studio\jre\jre\bin\management.dll
0x00007ffa0e250000 - 0x00007ffa0e267000 	C:\WINDOWS\SYSTEM32\CRYPTSP.dll
0x00007ffa0e090000 - 0x00007ffa0e0c3000 	C:\WINDOWS\system32\rsaenh.dll
0x00007ffa0e6c0000 - 0x00007ffa0e6eb000 	C:\WINDOWS\SYSTEM32\bcrypt.dll
0x00007ffa0e130000 - 0x00007ffa0e14f000 	C:\WINDOWS\SYSTEM32\USERENV.dll
0x00007ffa0e270000 - 0x00007ffa0e27b000 	C:\WINDOWS\SYSTEM32\CRYPTBASE.dll
0x00007ffa0dc20000 - 0x00007ffa0dc58000 	C:\WINDOWS\SYSTEM32\IPHLPAPI.DLL
0x00007ffa10ff0000 - 0x00007ffa10ff8000 	C:\WINDOWS\System32\NSI.dll
0x00007ffa08f00000 - 0x00007ffa08f16000 	C:\WINDOWS\SYSTEM32\dhcpcsvc6.DLL
0x00007ffa09090000 - 0x00007ffa090aa000 	C:\WINDOWS\SYSTEM32\dhcpcsvc.DLL
0x00007ffa0db30000 - 0x00007ffa0db62000 	C:\WINDOWS\SYSTEM32\ntmarta.dll
0x00007ff9fd390000 - 0x00007ff9fd522000 	C:\WINDOWS\SYSTEM32\dbghelp.dll

VM Arguments:
jvm_args: -Xmx1024m -Dfile.encoding=windows-1252 -Duser.country=US -Duser.language=en -Duser.variant 
java_command: org.gradle.launcher.daemon.bootstrap.GradleDaemon 4.1
java_class_path (initial): C:\Program Files\Android\Android Studio\gradle\gradle-4.1\lib\gradle-launcher-4.1.jar
Launcher Type: SUN_STANDARD

Environment Variables:
JAVA_HOME=C:\Program Files\Java\jdk1.8.0_60
PATH=C:\Program Files\AuthenTec TrueSuite\;C:\Program Files\AuthenTec TrueSuite\x86;C:\ProgramData\Oracle\Java\javapath;C:\WINDOWS\system32;C:\WINDOWS;C:\WINDOWS\System32\Wbem;C:\WINDOWS\System32\WindowsPowerShell\v1.0\;C:\Program Files\Java\jdk1.8.0_60\bin;c:\Program Files (x86)\Microsoft SQL Server\100\Tools\Binn\;c:\Program Files\Microsoft SQL Server\100\Tools\Binn\;c:\Program Files\Microsoft SQL Server\100\DTS\Binn\;C:\Program Files (x86)\Common Files\lenovo\easyplussdk\bin;C:\Users\Umar Saidu Auna\AppData\Local\Microsoft\WindowsApps;C:\Program Files\Microsoft VS Code\bin
USERNAME=Umar Saidu Auna
OS=Windows_NT
PROCESSOR_IDENTIFIER=Intel64 Family 6 Model 42 Stepping 7, GenuineIntel



---------------  S Y S T E M  ---------------

OS: Windows 10.0 , 64 bit Build 14393 (10.0.14393.0)

CPU:total 4 (initial active 4) (2 cores per cpu, 2 threads per core) family 6 model 42 stepping 7, cmov, cx8, fxsr, mmx, sse, sse2, sse3, ssse3, sse4.1, sse4.2, popcnt, avx, clmul, ht, tsc, tscinvbit

Memory: 4k page, physical 8283064k(2132448k free), swap 14471464k(3685588k free)

vm_info: OpenJDK 64-Bit Server VM (25.152-b01) for windows-amd64 JRE (1.8.0_152-release-915-b01), built by "builder" with MS VC++ 10.0 (VS2010)

time: Fri Nov 24 15:17:33 2017
elapsed time: 5310 seconds (0d 1h 28m 30s)

